<?xml version="1.0" encoding="UTF-8"?>
<!-- Generated by org.testng.reporters.JUnitXMLReporter -->
<testsuite ignored="0" hostname="DESKTOP-DV5D261" failures="0" tests="5" name="Test" time="116.704" errors="0" timestamp="2021-10-12T23:16:57 IST">
  <testcase classname="TestPackage.VerifyHeaderfunctionality" name="VerifyOrders" time="11.308"/>
  <testcase classname="TestPackage.VerifyHeaderfunctionality" name="VerifyOrders" time="6.985"/>
  <testcase classname="TestPackage.VerifyHeaderfunctionality" name="VerifyOrders" time="9.668"/>
  <testcase classname="TestPackage.VerifyHeaderfunctionality" name="VerifyMarkets" time="17.834"/>
  <testcase classname="TestPackage.VerifySignIN" name="VerifySignInButton" time="12.727"/>
</testsuite> <!-- Test -->
